<?xml version="1.0" encoding="UTF-8"?>
<!-- Generated by org.testng.reporters.JUnitReportReporter -->
<testsuite hostname="LAPTOP-5RVEOITO" failures="0" tests="4" name="api.test.UserTests" time="9.470" errors="0" timestamp="2026-07-02T09:48:20 IST" skipped="0">
  <testcase classname="api.test.UserTests" name="postUser" time="3.875"/>
  <testcase classname="api.test.UserTests" name="getUser" time="1.338"/>
  <testcase classname="api.test.UserTests" name="updateUserByName" time="2.779"/>
  <testcase classname="api.test.UserTests" name="testDeleteUserByName" time="1.478"/>
</testsuite> <!-- api.test.UserTests -->
